Hmm ... looks like a package
This is pdfTeX, Version 3.1415926-1.40.11 (MiKTeX 2.9)
entering extended mode

(C:\Users\QINGYE~1.YUA\AppData\Local\Temp\RtmpakYuMI\Rd2pdf2ed34770b608f\Rd2.te
x
LaTeX2e <2009/09/24>
Babel <v3.8l> and hyphenation patterns for english, afrikaans, ancientgreek, ar
abic, armenian, assamese, basque, bengali, bokmal, bulgarian, catalan, coptic, 
croatian, czech, danish, dutch, esperanto, estonian, farsi, finnish, french, ga
lician, german, german-x-2009-06-19, greek, gujarati, hindi, hungarian, iceland
ic, indonesian, interlingua, irish, italian, kannada, kurmanji, lao, latin, lat
vian, lithuanian, malayalam, marathi, mongolian, mongolianlmc, monogreek, ngerm
an, ngerman-x-2009-06-19, nynorsk, oriya, panjabi, pinyin, polish, portuguese, 
romanian, russian, sanskrit, serbian, slovak, slovenian, spanish, swedish, swis
sgerman, tamil, telugu, turkish, turkmen, ukenglish, ukrainian, uppersorbian, u
senglishmax, welsh, loaded.

("C:\Program Files (x86)\MiKTeX 2.9\tex\latex\base\book.cls"
Document Class: book 2007/10/19 v1.4h Standard LaTeX document class
("C:\Program Files (x86)\MiKTeX 2.9\tex\latex\base\bk10.clo"))
(D:/R/R-3.3.3/share/texmf/tex/latex\Rd.sty
("C:\Program Files (x86)\MiKTeX 2.9\tex\latex\base\ifthen.sty")
("C:\Program Files (x86)\MiKTeX 2.9\tex\latex\tools\longtable.sty")
("C:\Program Files (x86)\MiKTeX 2.9\tex\latex\tools\bm.sty")
("C:\Program Files (x86)\MiKTeX 2.9\tex\latex\base\alltt.sty")
("C:\Program Files (x86)\MiKTeX 2.9\tex\latex\tools\verbatim.sty")
("C:\Program Files (x86)\MiKTeX 2.9\tex\latex\ltxmisc\url.sty")
("C:\Program Files (x86)\MiKTeX 2.9\tex\latex\base\textcomp.sty"
("C:\Program Files (x86)\MiKTeX 2.9\tex\latex\base\ts1enc.def"))
("C:\Program Files (x86)\MiKTeX 2.9\tex\latex\base\fontenc.sty"
("C:\Program Files (x86)\MiKTeX 2.9\tex\latex\base\t1enc.def"))
("C:\Program Files (x86)\MiKTeX 2.9\tex\latex\psnfss\times.sty"))
("C:\Program Files (x86)\MiKTeX 2.9\tex\latex\base\inputenc.sty"
("C:\Program Files (x86)\MiKTeX 2.9\tex\latex\base\utf8.def"
("C:\Program Files (x86)\MiKTeX 2.9\tex\latex\base\t1enc.dfu")
("C:\Program Files (x86)\MiKTeX 2.9\tex\latex\base\ot1enc.dfu")
("C:\Program Files (x86)\MiKTeX 2.9\tex\latex\base\omsenc.dfu")
("C:\Program Files (x86)\MiKTeX 2.9\tex\latex\base\ts1enc.dfu"))
("C:\Program Files (x86)\MiKTeX 2.9\tex\latex\base\latin1.def"))
No file Rd2.aux.
("C:\Program Files (x86)\MiKTeX 2.9\tex\latex\base\ts1cmr.fd")
("C:\Program Files (x86)\MiKTeX 2.9\tex\latex\psnfss\t1ptm.fd")
("C:\Program Files (x86)\MiKTeX 2.9\tex\latex\psnfss\t1pcr.fd")
("C:\Program Files (x86)\MiKTeX 2.9\tex\latex\psnfss\t1phv.fd")
No file Rd2.toc.
("C:\Program Files (x86)\MiKTeX 2.9\tex\latex\base\utf8.def")
Underfull \hbox (badness 10000) in paragraph at lines 35--37

[1{C:/ProgramData/MiKTeX/2.9/pdftex/config/pdftex.map}]
("C:\Program Files (x86)\MiKTeX 2.9\tex\latex\base\utf8.def") [2]
(C:\Users\QINGYE~1.YUA\AppData\Local\Temp\RtmpakYuMI\Rd2pdf2ed34770b608f\Rd2.au
x) )
(see the transcript file for additional information){C:/Program Files (x86)/MiK
TeX 2.9/fonts/enc/dvips/fontname/8r.enc}<C:/Program Files (x86)/MiKTeX 2.9/font
s/type1/urw/courier/ucrr8a.pfb><C:/Program Files (x86)/MiKTeX 2.9/fonts/type1/u
rw/helvetic/uhvr8a.pfb><C:/Program Files (x86)/MiKTeX 2.9/fonts/type1/urw/times
/utmb8a.pfb><C:/Program Files (x86)/MiKTeX 2.9/fonts/type1/urw/times/utmr8a.pfb
><C:/Program Files (x86)/MiKTeX 2.9/fonts/type1/urw/times/utmr8a.pfb><C:/Progra
m Files (x86)/MiKTeX 2.9/fonts/type1/urw/times/utmri8a.pfb>
Output written on Rd2.pdf (2 pages, 70791 bytes).
Transcript written on Rd2.log.
This is pdfTeX, Version 3.1415926-1.40.11 (MiKTeX 2.9)
entering extended mode

(C:\Users\QINGYE~1.YUA\AppData\Local\Temp\RtmpakYuMI\Rd2pdf2ed34770b608f\Rd2.te
x
LaTeX2e <2009/09/24>
Babel <v3.8l> and hyphenation patterns for english, afrikaans, ancientgreek, ar
abic, armenian, assamese, basque, bengali, bokmal, bulgarian, catalan, coptic, 
croatian, czech, danish, dutch, esperanto, estonian, farsi, finnish, french, ga
lician, german, german-x-2009-06-19, greek, gujarati, hindi, hungarian, iceland
ic, indonesian, interlingua, irish, italian, kannada, kurmanji, lao, latin, lat
vian, lithuanian, malayalam, marathi, mongolian, mongolianlmc, monogreek, ngerm
an, ngerman-x-2009-06-19, nynorsk, oriya, panjabi, pinyin, polish, portuguese, 
romanian, russian, sanskrit, serbian, slovak, slovenian, spanish, swedish, swis
sgerman, tamil, telugu, turkish, turkmen, ukenglish, ukrainian, uppersorbian, u
senglishmax, welsh, loaded.

("C:\Program Files (x86)\MiKTeX 2.9\tex\latex\base\book.cls"
Document Class: book 2007/10/19 v1.4h Standard LaTeX document class
("C:\Program Files (x86)\MiKTeX 2.9\tex\latex\base\bk10.clo"))
(D:/R/R-3.3.3/share/texmf/tex/latex\Rd.sty
("C:\Program Files (x86)\MiKTeX 2.9\tex\latex\base\ifthen.sty")
("C:\Program Files (x86)\MiKTeX 2.9\tex\latex\tools\longtable.sty")
("C:\Program Files (x86)\MiKTeX 2.9\tex\latex\tools\bm.sty")
("C:\Program Files (x86)\MiKTeX 2.9\tex\latex\base\alltt.sty")
("C:\Program Files (x86)\MiKTeX 2.9\tex\latex\tools\verbatim.sty")
("C:\Program Files (x86)\MiKTeX 2.9\tex\latex\ltxmisc\url.sty")
("C:\Program Files (x86)\MiKTeX 2.9\tex\latex\base\textcomp.sty"
("C:\Program Files (x86)\MiKTeX 2.9\tex\latex\base\ts1enc.def"))
("C:\Program Files (x86)\MiKTeX 2.9\tex\latex\base\fontenc.sty"
("C:\Program Files (x86)\MiKTeX 2.9\tex\latex\base\t1enc.def"))
("C:\Program Files (x86)\MiKTeX 2.9\tex\latex\psnfss\times.sty"))
("C:\Program Files (x86)\MiKTeX 2.9\tex\latex\base\inputenc.sty"
("C:\Program Files (x86)\MiKTeX 2.9\tex\latex\base\utf8.def"
("C:\Program Files (x86)\MiKTeX 2.9\tex\latex\base\t1enc.dfu")
("C:\Program Files (x86)\MiKTeX 2.9\tex\latex\base\ot1enc.dfu")
("C:\Program Files (x86)\MiKTeX 2.9\tex\latex\base\omsenc.dfu")
("C:\Program Files (x86)\MiKTeX 2.9\tex\latex\base\ts1enc.dfu"))
("C:\Program Files (x86)\MiKTeX 2.9\tex\latex\base\latin1.def"))
(C:\Users\QINGYE~1.YUA\AppData\Local\Temp\RtmpakYuMI\Rd2pdf2ed34770b608f\Rd2.au
x) ("C:\Program Files (x86)\MiKTeX 2.9\tex\latex\base\ts1cmr.fd")
("C:\Program Files (x86)\MiKTeX 2.9\tex\latex\psnfss\t1ptm.fd")
("C:\Program Files (x86)\MiKTeX 2.9\tex\latex\psnfss\t1pcr.fd")
("C:\Program Files (x86)\MiKTeX 2.9\tex\latex\psnfss\t1phv.fd")
(C:\Users\QINGYE~1.YUA\AppData\Local\Temp\RtmpakYuMI\Rd2pdf2ed34770b608f\Rd2.to
c) ("C:\Program Files (x86)\MiKTeX 2.9\tex\latex\base\utf8.def")
Underfull \hbox (badness 10000) in paragraph at lines 35--37

[1{C:/ProgramData/MiKTeX/2.9/pdftex/config/pdftex.map}]
("C:\Program Files (x86)\MiKTeX 2.9\tex\latex\base\utf8.def") [2]
(C:\Users\QINGYE~1.YUA\AppData\Local\Temp\RtmpakYuMI\Rd2pdf2ed34770b608f\Rd2.au
x) )
(see the transcript file for additional information){C:/Program Files (x86)/MiK
TeX 2.9/fonts/enc/dvips/fontname/8r.enc}<C:/Program Files (x86)/MiKTeX 2.9/font
s/type1/urw/courier/ucrr8a.pfb><C:/Program Files (x86)/MiKTeX 2.9/fonts/type1/u
rw/helvetic/uhvr8a.pfb><C:/Program Files (x86)/MiKTeX 2.9/fonts/type1/urw/times
/utmb8a.pfb><C:/Program Files (x86)/MiKTeX 2.9/fonts/type1/urw/times/utmr8a.pfb
><C:/Program Files (x86)/MiKTeX 2.9/fonts/type1/urw/times/utmr8a.pfb><C:/Progra
m Files (x86)/MiKTeX 2.9/fonts/type1/urw/times/utmri8a.pfb>
Output written on Rd2.pdf (2 pages, 71277 bytes).
Transcript written on Rd2.log.
Saving output to 'tp368-manual.pdf' ...
Done
You may want to clean up by 'rm -rf C:/Users/QINGYE~1.YUA/AppData/Local/Temp/RtmpakYuMI/Rd2pdf2ed34770b608f'
